2026-04-01 21:37:56 | INFO | CI | === RUN START ===
2026-04-01 21:37:56 | INFO | CI | project=MODULE 4: EVTL PIPELINE
2026-04-01 21:37:56 | INFO | CI | repo_dir=nlp-04-api-text-data
2026-04-01 21:37:56 | INFO | CI | python=3.14.3
2026-04-01 21:37:56 | INFO | CI | os=Windows 11
2026-04-01 21:37:56 | INFO | CI | shell=powershell
2026-04-01 21:37:56 | INFO | CI | cwd=.
2026-04-01 21:37:56 | INFO | CI | github_actions=False
2026-04-01 21:37:56 | INFO | CI | START PIPELINE
2026-04-01 21:37:56 | INFO | CI | ROOT_PATH = .
2026-04-01 21:37:56 | INFO | CI | DATA_PATH = data
2026-04-01 21:37:56 | INFO | CI | RAW_PATH = data\raw
2026-04-01 21:37:56 | INFO | CI | PROCESSED_PATH = data\processed
2026-04-01 21:37:56 | INFO | CI | ========================
2026-04-01 21:37:56 | INFO | CI | STAGE 01: EXTRACT starting... 
2026-04-01 21:37:56 | INFO | CI | ========================
2026-04-01 21:37:56 | INFO | CI | SOURCE PATH = https://jsonplaceholder.typicode.com/posts
2026-04-01 21:37:56 | INFO | CI | SINK PATH = data\raw\case_raw.json
2026-04-01 21:37:56 | INFO | CI | ========================
2026-04-01 21:37:56 | INFO | CI | STAGE 02: VALIDATE starting...
2026-04-01 21:37:56 | INFO | CI | ========================
2026-04-01 21:37:56 | INFO | CI | JSON STRUCTURE INSPECTION:
2026-04-01 21:37:56 | INFO | CI | Top-level type: list
2026-04-01 21:37:56 | INFO | CI | Keys in first record: ['userId', 'id', 'title', 'body']
2026-04-01 21:37:56 | INFO | CI | Field types:
2026-04-01 21:37:56 | INFO | CI | userId: int
2026-04-01 21:37:56 | INFO | CI | id: int
2026-04-01 21:37:56 | INFO | CI | title: str
2026-04-01 21:37:56 | INFO | CI | body: str
2026-04-01 21:37:56 | INFO | CI | Validation passed.
2026-04-01 21:37:56 | INFO | CI | Sink: validated JSON object
2026-04-01 21:37:56 | INFO | CI | ========================
2026-04-01 21:37:56 | INFO | CI | STAGE 03: TRANSFORM starting...
2026-04-01 21:37:56 | INFO | CI | ========================
2026-04-01 21:37:56 | INFO | CI | Transformation complete.
2026-04-01 21:37:56 | INFO | CI | DataFrame preview:
shape: (5, 6)
┌─────────┬─────────┬─────────────────────────────────┬─────────────────────────────────┬──────────────┬─────────────┐
│ user_id ┆ post_id ┆ title                           ┆ body                            ┆ title_length ┆ body_length │
│ ---     ┆ ---     ┆ ---                             ┆ ---                             ┆ ---          ┆ ---         │
│ i64     ┆ i64     ┆ str                             ┆ str                             ┆ u32          ┆ u32         │
╞═════════╪═════════╪═════════════════════════════════╪═════════════════════════════════╪══════════════╪═════════════╡
│ 1       ┆ 1       ┆ sunt aut facere repellat provi… ┆ quia et suscipit                ┆ 74           ┆ 158         │
│         ┆         ┆                                 ┆ suscipit recu…                  ┆              ┆             │
│ 1       ┆ 2       ┆ qui est esse                    ┆ est rerum tempore vitae         ┆ 12           ┆ 206         │
│         ┆         ┆                                 ┆ sequi …                         ┆              ┆             │
│ 1       ┆ 3       ┆ ea molestias quasi exercitatio… ┆ et iusto sed quo iure           ┆ 59           ┆ 164         │
│         ┆         ┆                                 ┆ voluptat…                       ┆              ┆             │
│ 1       ┆ 4       ┆ eum et est occaecati            ┆ ullam et saepe reiciendis volu… ┆ 20           ┆ 190         │
│ 1       ┆ 5       ┆ nesciunt quas odio              ┆ repudiandae veniam quaerat sun… ┆ 18           ┆ 147         │
└─────────┴─────────┴─────────────────────────────────┴─────────────────────────────────┴──────────────┴─────────────┘
2026-04-01 21:37:56 | INFO | CI | Sink: Polars DataFrame created
2026-04-01 21:37:56 | INFO | CI | ========================
2026-04-01 21:37:56 | INFO | CI | STAGE 04: LOAD starting...
2026-04-01 21:37:56 | INFO | CI | ========================
2026-04-01 21:37:56 | INFO | CI | SINK PATH = data\processed\case_processed.csv
2026-04-01 21:37:56 | INFO | CI | ========================
2026-04-01 21:37:56 | INFO | CI | Pipeline executed successfully!
2026-04-01 21:37:56 | INFO | CI | ========================
2026-04-05 23:26:39 | INFO | CI | === RUN START ===
2026-04-05 23:26:39 | INFO | CI | project=MODULE 4: EVTL PIPELINE
2026-04-05 23:26:39 | INFO | CI | repo_dir=nlp-04-api-text-data
2026-04-05 23:26:39 | INFO | CI | python=3.14.3
2026-04-05 23:26:39 | INFO | CI | os=Windows 11
2026-04-05 23:26:39 | INFO | CI | shell=powershell
2026-04-05 23:26:39 | INFO | CI | cwd=.
2026-04-05 23:26:39 | INFO | CI | github_actions=False
2026-04-05 23:26:39 | INFO | CI | START PIPELINE
2026-04-05 23:26:39 | INFO | CI | ROOT_PATH = .
2026-04-05 23:26:39 | INFO | CI | DATA_PATH = data
2026-04-05 23:26:39 | INFO | CI | RAW_PATH = data\raw
2026-04-05 23:26:39 | INFO | CI | PROCESSED_PATH = data\processed
2026-04-05 23:26:39 | INFO | CI | ========================
2026-04-05 23:26:39 | INFO | CI | STAGE 01: EXTRACT starting... 
2026-04-05 23:26:39 | INFO | CI | ========================
2026-04-05 23:26:39 | INFO | CI | SOURCE PATH = https://jsonplaceholder.typicode.com/posts
2026-04-05 23:26:39 | INFO | CI | SINK PATH = data\raw\Asher-Laws_raw.json
2026-04-05 23:26:39 | INFO | CI | ========================
2026-04-05 23:26:39 | INFO | CI | STAGE 02: VALIDATE starting...
2026-04-05 23:26:39 | INFO | CI | ========================
2026-04-05 23:26:39 | INFO | CI | JSON STRUCTURE INSPECTION:
2026-04-05 23:26:39 | INFO | CI | Top-level type: list
2026-04-05 23:26:39 | INFO | CI | Keys in first record: ['userId', 'id', 'title', 'body']
2026-04-05 23:26:39 | INFO | CI | Field types:
2026-04-05 23:26:39 | INFO | CI | userId: int
2026-04-05 23:26:39 | INFO | CI | id: int
2026-04-05 23:26:39 | INFO | CI | title: str
2026-04-05 23:26:39 | INFO | CI | body: str
2026-04-05 23:26:39 | INFO | CI | Validation passed.
2026-04-05 23:26:39 | INFO | CI | Sink: validated JSON object
2026-04-05 23:26:39 | INFO | CI | ========================
2026-04-05 23:26:39 | INFO | CI | STAGE 03: TRANSFORM starting...
2026-04-05 23:26:39 | INFO | CI | ========================
2026-04-05 23:26:39 | INFO | CI | Transformation complete.
2026-04-05 23:26:39 | INFO | CI | DataFrame preview:
shape: (5, 7)
┌─────────┬─────────┬─────────────────────────────────┬─────────────────────────────────┬──────────────┬─────────────┬──────────────┐
│ user_id ┆ post_id ┆ title                           ┆ body                            ┆ title_length ┆ body_length ┆ total_length │
│ ---     ┆ ---     ┆ ---                             ┆ ---                             ┆ ---          ┆ ---         ┆ ---          │
│ i64     ┆ i64     ┆ str                             ┆ str                             ┆ u32          ┆ u32         ┆ u32          │
╞═════════╪═════════╪═════════════════════════════════╪═════════════════════════════════╪══════════════╪═════════════╪══════════════╡
│ 1       ┆ 1       ┆ sunt aut facere repellat provi… ┆ quia et suscipit                ┆ 74           ┆ 158         ┆ 232          │
│         ┆         ┆                                 ┆ suscipit recu…                  ┆              ┆             ┆              │
│ 1       ┆ 2       ┆ qui est esse                    ┆ est rerum tempore vitae         ┆ 12           ┆ 206         ┆ 218          │
│         ┆         ┆                                 ┆ sequi …                         ┆              ┆             ┆              │
│ 1       ┆ 3       ┆ ea molestias quasi exercitatio… ┆ et iusto sed quo iure           ┆ 59           ┆ 164         ┆ 223          │
│         ┆         ┆                                 ┆ voluptat…                       ┆              ┆             ┆              │
│ 1       ┆ 4       ┆ eum et est occaecati            ┆ ullam et saepe reiciendis volu… ┆ 20           ┆ 190         ┆ 210          │
│ 1       ┆ 5       ┆ nesciunt quas odio              ┆ repudiandae veniam quaerat sun… ┆ 18           ┆ 147         ┆ 165          │
└─────────┴─────────┴─────────────────────────────────┴─────────────────────────────────┴──────────────┴─────────────┴──────────────┘
2026-04-05 23:26:39 | INFO | CI | Sink: Polars DataFrame created
2026-04-05 23:26:39 | INFO | CI | ========================
2026-04-05 23:26:39 | INFO | CI | STAGE 04: LOAD starting...
2026-04-05 23:26:39 | INFO | CI | ========================
2026-04-05 23:26:39 | INFO | CI | SINK PATH = data\processed\Asher-Laws_processed.csv
2026-04-05 23:26:39 | INFO | CI | ========================
2026-04-05 23:26:39 | INFO | CI | Pipeline executed successfully!
2026-04-05 23:26:39 | INFO | CI | ========================
2026-04-06 00:13:13 | INFO | CI | === RUN START ===
2026-04-06 00:13:13 | INFO | CI | project=MODULE 4: EVTL PIPELINE
2026-04-06 00:13:13 | INFO | CI | repo_dir=nlp-04-api-text-data
2026-04-06 00:13:13 | INFO | CI | python=3.14.3
2026-04-06 00:13:13 | INFO | CI | os=Windows 11
2026-04-06 00:13:13 | INFO | CI | shell=powershell
2026-04-06 00:13:13 | INFO | CI | cwd=.
2026-04-06 00:13:13 | INFO | CI | github_actions=False
2026-04-06 00:13:13 | INFO | CI | START PIPELINE
2026-04-06 00:13:13 | INFO | CI | ROOT_PATH = .
2026-04-06 00:13:13 | INFO | CI | DATA_PATH = data
2026-04-06 00:13:13 | INFO | CI | RAW_PATH = data\raw
2026-04-06 00:13:13 | INFO | CI | PROCESSED_PATH = data\processed
2026-04-06 00:13:13 | INFO | CI | ========================
2026-04-06 00:13:13 | INFO | CI | STAGE 01: EXTRACT starting... 
2026-04-06 00:13:13 | INFO | CI | ========================
2026-04-06 00:13:13 | INFO | CI | SOURCE PATH = https://jsonplaceholder.typicode.com/comments
2026-04-06 00:13:13 | INFO | CI | SINK PATH = data\raw\Asher-Laws_custom_raw.json
2026-04-06 00:13:13 | INFO | CI | ========================
2026-04-06 00:13:13 | INFO | CI | STAGE 02: VALIDATE starting...
2026-04-06 00:13:13 | INFO | CI | ========================
2026-04-06 00:13:13 | INFO | CI | JSON STRUCTURE INSPECTION:
2026-04-06 00:13:13 | INFO | CI | Top-level type: list
2026-04-06 00:13:13 | INFO | CI | Keys in first record: ['postId', 'id', 'name', 'email', 'body']
2026-04-06 00:13:13 | INFO | CI | Field types:
2026-04-06 00:13:13 | INFO | CI | postId: int
2026-04-06 00:13:13 | INFO | CI | id: int
2026-04-06 00:13:13 | INFO | CI | name: str
2026-04-06 00:13:13 | INFO | CI | email: str
2026-04-06 00:13:13 | INFO | CI | body: str
2026-04-06 00:14:42 | INFO | CI | === RUN START ===
2026-04-06 00:14:42 | INFO | CI | project=MODULE 4: EVTL PIPELINE
2026-04-06 00:14:42 | INFO | CI | repo_dir=nlp-04-api-text-data
2026-04-06 00:14:42 | INFO | CI | python=3.14.3
2026-04-06 00:14:42 | INFO | CI | os=Windows 11
2026-04-06 00:14:42 | INFO | CI | shell=powershell
2026-04-06 00:14:42 | INFO | CI | cwd=.
2026-04-06 00:14:42 | INFO | CI | github_actions=False
2026-04-06 00:14:42 | INFO | CI | START PIPELINE
2026-04-06 00:14:42 | INFO | CI | ROOT_PATH = .
2026-04-06 00:14:42 | INFO | CI | DATA_PATH = data
2026-04-06 00:14:42 | INFO | CI | RAW_PATH = data\raw
2026-04-06 00:14:42 | INFO | CI | PROCESSED_PATH = data\processed
2026-04-06 00:14:42 | INFO | CI | ========================
2026-04-06 00:14:42 | INFO | CI | STAGE 01: EXTRACT starting... 
2026-04-06 00:14:42 | INFO | CI | ========================
2026-04-06 00:14:42 | INFO | CI | SOURCE PATH = https://jsonplaceholder.typicode.com/comments
2026-04-06 00:14:42 | INFO | CI | SINK PATH = data\raw\Asher-Laws_custom_raw.json
2026-04-06 00:14:42 | INFO | CI | ========================
2026-04-06 00:14:42 | INFO | CI | STAGE 02: VALIDATE starting...
2026-04-06 00:14:42 | INFO | CI | ========================
2026-04-06 00:14:42 | INFO | CI | JSON STRUCTURE INSPECTION:
2026-04-06 00:14:42 | INFO | CI | Top-level type: list
2026-04-06 00:14:42 | INFO | CI | Keys in first record: ['postId', 'id', 'name', 'email', 'body']
2026-04-06 00:14:42 | INFO | CI | Field types:
2026-04-06 00:14:42 | INFO | CI | postId: int
2026-04-06 00:14:42 | INFO | CI | id: int
2026-04-06 00:14:42 | INFO | CI | name: str
2026-04-06 00:14:42 | INFO | CI | email: str
2026-04-06 00:14:42 | INFO | CI | body: str
2026-04-06 00:14:42 | INFO | CI | Validation passed.
2026-04-06 00:14:42 | INFO | CI | Sink: validated JSON object
2026-04-06 00:14:42 | INFO | CI | ========================
2026-04-06 00:14:42 | INFO | CI | STAGE 03: TRANSFORM starting...
2026-04-06 00:14:42 | INFO | CI | ========================
2026-04-06 00:14:42 | INFO | CI | Transformation complete.
2026-04-06 00:14:42 | INFO | CI | DataFrame preview:
shape: (5, 9)
┌─────────┬────────────┬─────────────────────────────────┬────────────────────────┬───┬─────────────┬─────────────┬────────────────────────┬─────────────────┐
│ post_id ┆ comment_id ┆ name                            ┆ email                  ┆ … ┆ name_length ┆ body_length ┆ has_valid_email_format ┆ is_long_comment │
│ ---     ┆ ---        ┆ ---                             ┆ ---                    ┆   ┆ ---         ┆ ---         ┆ ---                    ┆ ---             │
│ i64     ┆ i64        ┆ str                             ┆ str                    ┆   ┆ u32         ┆ u32         ┆ bool                   ┆ bool            │
╞═════════╪════════════╪═════════════════════════════════╪════════════════════════╪═══╪═════════════╪═════════════╪════════════════════════╪═════════════════╡
│ 1       ┆ 1          ┆ id labore ex et quam laborum    ┆ Eliseo@gardner.biz     ┆ … ┆ 28          ┆ 148         ┆ true                   ┆ true            │
│ 1       ┆ 2          ┆ quo vero reiciendis velit simi… ┆ Jayne_Kuhic@sydney.com ┆ … ┆ 41          ┆ 168         ┆ true                   ┆ true            │
│ 1       ┆ 3          ┆ odio adipisci rerum aut animi   ┆ Nikita@garfield.biz    ┆ … ┆ 29          ┆ 218         ┆ true                   ┆ true            │
│ 1       ┆ 4          ┆ alias odio sit                  ┆ Lew@alysha.tv          ┆ … ┆ 14          ┆ 154         ┆ true                   ┆ true            │
│ 1       ┆ 5          ┆ vero eaque aliquid doloribus e… ┆ Hayden@althea.biz      ┆ … ┆ 37          ┆ 132         ┆ true                   ┆ true            │
└─────────┴────────────┴─────────────────────────────────┴────────────────────────┴───┴─────────────┴─────────────┴────────────────────────┴─────────────────┘
2026-04-06 00:14:42 | INFO | CI | Sink: Polars DataFrame created
2026-04-06 00:14:42 | INFO | CI | ========================
2026-04-06 00:14:42 | INFO | CI | STAGE 04: LOAD starting...
2026-04-06 00:14:42 | INFO | CI | ========================
2026-04-06 00:14:42 | INFO | CI | SINK PATH = data\processed\Asher-Laws_custom_processed.csv
2026-04-06 00:14:42 | INFO | CI | ========================
2026-04-06 00:14:42 | INFO | CI | Pipeline executed successfully!
2026-04-06 00:14:42 | INFO | CI | ========================
2026-04-06 00:44:19 | INFO | CI | === RUN START ===
2026-04-06 00:44:19 | INFO | CI | project=MODULE 4: EVTL PIPELINE
2026-04-06 00:44:19 | INFO | CI | repo_dir=nlp-04-api-text-data
2026-04-06 00:44:19 | INFO | CI | python=3.14.3
2026-04-06 00:44:19 | INFO | CI | os=Windows 11
2026-04-06 00:44:19 | INFO | CI | shell=powershell
2026-04-06 00:44:19 | INFO | CI | cwd=.
2026-04-06 00:44:19 | INFO | CI | github_actions=False
2026-04-06 00:44:19 | INFO | CI | START PIPELINE
2026-04-06 00:44:19 | INFO | CI | ROOT_PATH = .
2026-04-06 00:44:19 | INFO | CI | DATA_PATH = data
2026-04-06 00:44:19 | INFO | CI | RAW_PATH = data\raw
2026-04-06 00:44:19 | INFO | CI | PROCESSED_PATH = data\processed
2026-04-06 00:44:19 | INFO | CI | ========================
2026-04-06 00:44:19 | INFO | CI | STAGE 01: EXTRACT starting... 
2026-04-06 00:44:19 | INFO | CI | ========================
2026-04-06 00:44:19 | INFO | CI | SOURCE PATH = https://jsonplaceholder.typicode.com/comments
2026-04-06 00:44:19 | INFO | CI | SINK PATH = data\raw\Asher-Laws_custom_raw.json
2026-04-06 00:44:19 | INFO | CI | ========================
2026-04-06 00:44:19 | INFO | CI | STAGE 02: VALIDATE starting...
2026-04-06 00:44:19 | INFO | CI | ========================
2026-04-06 00:44:19 | INFO | CI | JSON STRUCTURE INSPECTION:
2026-04-06 00:44:19 | INFO | CI | Top-level type: list
2026-04-06 00:44:19 | INFO | CI | Keys in first record: ['postId', 'id', 'name', 'email', 'body']
2026-04-06 00:44:19 | INFO | CI | Field types:
2026-04-06 00:44:19 | INFO | CI | postId: int
2026-04-06 00:44:19 | INFO | CI | id: int
2026-04-06 00:44:19 | INFO | CI | name: str
2026-04-06 00:44:19 | INFO | CI | email: str
2026-04-06 00:44:19 | INFO | CI | body: str
2026-04-06 00:44:19 | INFO | CI | Validation passed.
2026-04-06 00:44:19 | INFO | CI | Sink: validated JSON object
2026-04-06 00:44:19 | INFO | CI | ========================
2026-04-06 00:44:19 | INFO | CI | STAGE 03: TRANSFORM starting...
2026-04-06 00:44:19 | INFO | CI | ========================
2026-04-06 00:44:19 | INFO | CI | Transformation complete.
2026-04-06 00:44:19 | INFO | CI | DataFrame preview:
shape: (5, 9)
┌─────────┬────────────┬─────────────────────────────────┬────────────────────────┬───┬─────────────┬─────────────┬────────────────────────┬─────────────────┐
│ post_id ┆ comment_id ┆ name                            ┆ email                  ┆ … ┆ name_length ┆ body_length ┆ has_valid_email_format ┆ is_long_comment │
│ ---     ┆ ---        ┆ ---                             ┆ ---                    ┆   ┆ ---         ┆ ---         ┆ ---                    ┆ ---             │
│ i64     ┆ i64        ┆ str                             ┆ str                    ┆   ┆ u32         ┆ u32         ┆ bool                   ┆ bool            │
╞═════════╪════════════╪═════════════════════════════════╪════════════════════════╪═══╪═════════════╪═════════════╪════════════════════════╪═════════════════╡
│ 1       ┆ 1          ┆ id labore ex et quam laborum    ┆ Eliseo@gardner.biz     ┆ … ┆ 28          ┆ 148         ┆ true                   ┆ true            │
│ 1       ┆ 2          ┆ quo vero reiciendis velit simi… ┆ Jayne_Kuhic@sydney.com ┆ … ┆ 41          ┆ 168         ┆ true                   ┆ true            │
│ 1       ┆ 3          ┆ odio adipisci rerum aut animi   ┆ Nikita@garfield.biz    ┆ … ┆ 29          ┆ 218         ┆ true                   ┆ true            │
│ 1       ┆ 4          ┆ alias odio sit                  ┆ Lew@alysha.tv          ┆ … ┆ 14          ┆ 154         ┆ true                   ┆ true            │
│ 1       ┆ 5          ┆ vero eaque aliquid doloribus e… ┆ Hayden@althea.biz      ┆ … ┆ 37          ┆ 132         ┆ true                   ┆ true            │
└─────────┴────────────┴─────────────────────────────────┴────────────────────────┴───┴─────────────┴─────────────┴────────────────────────┴─────────────────┘
2026-04-06 00:44:19 | INFO | CI | Sink: Polars DataFrame created
2026-04-06 00:44:19 | INFO | CI | ========================
2026-04-06 00:44:19 | INFO | CI | STAGE 04: LOAD starting...
2026-04-06 00:44:19 | INFO | CI | ========================
2026-04-06 00:44:19 | INFO | CI | SINK PATH = data\processed\Asher-Laws_custom_processed.csv
2026-04-06 00:44:19 | INFO | CI | ========================
2026-04-06 00:44:19 | INFO | CI | Pipeline executed successfully!
2026-04-06 00:44:19 | INFO | CI | ========================
